\BOOKMARK [1][-]{section.1}{\376\377\152\041\127\213\120\107\213\276}{}% 1
\BOOKMARK [1][-]{section.2}{\376\377\116\073\211\201\173\046\123\367\116\016\213\364\146\016}{}% 2
\BOOKMARK [1][-]{section.3}{\376\377\145\160\143\156\122\006\147\220}{}% 3
\BOOKMARK [2][-]{subsection.3.1}{\376\377\145\160\143\156\147\145\156\220}{section.3}% 4
\BOOKMARK [2][-]{subsection.3.2}{\376\377\133\143\202\202\140\047\122\006\211\343}{section.3}% 5
\BOOKMARK [1][-]{section.4}{\376\377\000A\000R\000I\000M\000A\152\041\127\213\136\372\172\313}{}% 6
\BOOKMARK [2][-]{subsection.4.1}{\376\377\145\160\143\156\150\300\232\214}{section.4}% 7
\BOOKMARK [2][-]{subsection.4.2}{\376\377\145\340\133\143\202\202\140\047\166\204\000A\000R\000I\000M\000A\152\041\127\213\136\372\172\313}{section.4}% 8
\BOOKMARK [2][-]{subsection.4.3}{\376\377\133\143\202\202\140\047\166\204\000A\000R\000I\000M\000A\152\041\127\213}{section.4}% 9
\BOOKMARK [2][-]{subsection.4.4}{\376\377\123\302\145\160\117\060\213\241}{section.4}% 10
\BOOKMARK [2][-]{subsection.4.5}{\376\377\152\041\127\213\166\204\220\011\142\351}{section.4}% 11
\BOOKMARK [2][-]{subsection.4.6}{\376\377\153\213\135\356\150\300\232\214}{section.4}% 12
\BOOKMARK [2][-]{subsection.4.7}{\376\377\147\052\123\327\165\253\140\305\136\162\230\204\166\204\230\204\155\113}{section.4}% 13
\BOOKMARK [1][-]{section.5}{\376\377\136\162\230\204\122\006\147\220\152\041\127\213\166\204\136\372\172\313}{}% 14
\BOOKMARK [2][-]{subsection.5.1}{\376\377\152\041\127\213\136\372\172\313}{section.5}% 15
\BOOKMARK [2][-]{subsection.5.2}{\376\377\153\213\135\356\150\300\232\214}{section.5}% 16
\BOOKMARK [2][-]{subsection.5.3}{\376\377\230\204\155\113\0002\0000\0002\0002\136\164\166\204\143\137\131\061}{section.5}% 17
\BOOKMARK [1][-]{section.6}{\376\377\152\041\127\213\166\204\213\304\116\367}{}% 18
\BOOKMARK [2][-]{subsection.6.1}{\376\377\117\030\160\271}{section.6}% 19
\BOOKMARK [2][-]{subsection.6.2}{\376\377\177\072\160\271}{section.6}% 20
